<?xml version="1.0" encoding="UTF-8"?>
<robot generator="Robot 6.0.2 (Python 3.11.1 on win32)" generated="20230305 17:29:40.617" rpa="false" schemaversion="3">
<suite id="s1" name="SearchFunctionality" source="D:\Working zone\Trac nghiem vn\Python\TracNghiemVN\Tests\TracNghiemVN\SearchFunctionality.robot">
<test id="s1-t1" name="Verify if user entered blank space into search bar" line="7">
<kw name="Open TracNghiemVN main page" library="CommonFunctionality" type="SETUP">
<kw name="Open Browser" library="SeleniumLibrary">
<arg>${trac_nghiem_vn_ulr}</arg>
<arg>${chrome_browser}</arg>
<doc>Opens a new browser instance to the optional ``url``.</doc>
<msg timestamp="20230305 17:29:41.220" level="INFO">Opening browser 'chrome' to base url 'https://tracnghiem.vn/'.</msg>
<status status="PASS" starttime="20230305 17:29:41.219" endtime="20230305 17:29:52.547"/>
</kw>
<kw name="Maximize Browser Window" library="SeleniumLibrary">
<doc>Maximizes current browser window.</doc>
<status status="PASS" starttime="20230305 17:29:52.547" endtime="20230305 17:29:52.825"/>
</kw>
<kw name="Sleep" library="BuiltIn">
<arg>2s</arg>
<doc>Pauses the test executed for the given time.</doc>
<msg timestamp="20230305 17:29:54.827" level="INFO">Slept 2 seconds</msg>
<status status="PASS" starttime="20230305 17:29:52.825" endtime="20230305 17:29:54.827"/>
</kw>
<status status="PASS" starttime="20230305 17:29:41.218" endtime="20230305 17:29:54.828"/>
</kw>
<kw name="Blank values result" library="SearchResultPage">
<arg>${EMPTY}</arg>
<kw name="Search bar action" library="LandingPage">
<arg>${search_text}</arg>
<kw name="Input Text" library="SeleniumLibrary">
<arg>${search_text_box_lp}</arg>
<arg>${search_text}</arg>
<doc>Types the given ``text`` into the text field identified by ``locator``.</doc>
<msg timestamp="20230305 17:29:54.921" level="INFO">Typing text '' into text field '//input[@id='input_keyword']'.</msg>
<status status="PASS" starttime="20230305 17:29:54.914" endtime="20230305 17:29:55.231"/>
</kw>
<kw name="Click Button" library="SeleniumLibrary">
<arg>${search_button_lp}</arg>
<doc>Clicks the button identified by ``locator``.</doc>
<msg timestamp="20230305 17:29:55.234" level="INFO">Clicking button '//button[@class='btn btn-primary']'.</msg>
<status status="PASS" starttime="20230305 17:29:55.231" endtime="20230305 17:29:57.991"/>
</kw>
<kw name="Page Should Contain Element" library="SeleniumLibrary">
<arg>${search_result_page_title_srp}</arg>
<doc>Verifies that element ``locator`` is found on the current page.</doc>
<msg timestamp="20230305 17:29:58.014" level="INFO">Current page contains element '//span[contains(text(),'kết quả')]'.</msg>
<status status="PASS" starttime="20230305 17:29:57.992" endtime="20230305 17:29:58.016"/>
</kw>
<status status="PASS" starttime="20230305 17:29:54.912" endtime="20230305 17:29:58.017"/>
</kw>
<kw name="Wait Until Element Is Visible" library="SeleniumLibrary">
<arg>${search_blank_result_srp}</arg>
<doc>Waits until the element ``locator`` is visible.</doc>
<status status="PASS" starttime="20230305 17:29:58.017" endtime="20230305 17:29:58.068"/>
</kw>
<kw name="Page Should Contain" library="SeleniumLibrary">
<arg>${no_result_for_search_srp}</arg>
<doc>Verifies that current page contains ``text``.</doc>
<msg timestamp="20230305 17:29:59.208" level="INFO" html="true">&lt;/td&gt;&lt;/tr&gt;&lt;tr&gt;&lt;td colspan="3"&gt;&lt;a href="selenium-screenshot-1.png"&gt;&lt;img src="selenium-screenshot-1.png" width="800px"&gt;&lt;/a&gt;</msg>
<msg timestamp="20230305 17:29:59.208" level="FAIL">Page should have contained text '//h3[contains(text(),'Không có dữ liệu')]' but did not.</msg>
<status status="FAIL" starttime="20230305 17:29:58.068" endtime="20230305 17:29:59.216"/>
</kw>
<status status="FAIL" starttime="20230305 17:29:54.908" endtime="20230305 17:29:59.217"/>
</kw>
<kw name="Finish Test" library="CommonFunctionality" type="TEARDOWN">
<kw name="Close All Browsers" library="SeleniumLibrary">
<doc>Closes all open browsers and resets the browser cache.</doc>
<status status="PASS" starttime="20230305 17:29:59.218" endtime="20230305 17:30:06.077"/>
</kw>
<status status="PASS" starttime="20230305 17:29:59.217" endtime="20230305 17:30:06.078"/>
</kw>
<status status="FAIL" starttime="20230305 17:29:41.217" endtime="20230305 17:30:06.078">Page should have contained text '//h3[contains(text(),'Không có dữ liệu')]' but did not.</status>
</test>
<test id="s1-t2" name="Verify if user entered wrong values into search bar" line="13">
<kw name="Open TracNghiemVN main page" library="CommonFunctionality" type="SETUP">
<kw name="Open Browser" library="SeleniumLibrary">
<arg>${trac_nghiem_vn_ulr}</arg>
<arg>${chrome_browser}</arg>
<doc>Opens a new browser instance to the optional ``url``.</doc>
<msg timestamp="20230305 17:30:06.083" level="INFO">Opening browser 'chrome' to base url 'https://tracnghiem.vn/'.</msg>
<status status="PASS" starttime="20230305 17:30:06.083" endtime="20230305 17:30:17.292"/>
</kw>
<kw name="Maximize Browser Window" library="SeleniumLibrary">
<doc>Maximizes current browser window.</doc>
<status status="PASS" starttime="20230305 17:30:17.292" endtime="20230305 17:30:17.436"/>
</kw>
<kw name="Sleep" library="BuiltIn">
<arg>2s</arg>
<doc>Pauses the test executed for the given time.</doc>
<msg timestamp="20230305 17:30:19.438" level="INFO">Slept 2 seconds</msg>
<status status="PASS" starttime="20230305 17:30:17.437" endtime="20230305 17:30:19.438"/>
</kw>
<status status="PASS" starttime="20230305 17:30:06.082" endtime="20230305 17:30:19.438"/>
</kw>
<kw name="Wrong values result" library="SearchResultPage">
<arg>game</arg>
<kw name="Search bar action" library="LandingPage">
<arg>${search_text}</arg>
<kw name="Input Text" library="SeleniumLibrary">
<arg>${search_text_box_lp}</arg>
<arg>${search_text}</arg>
<doc>Types the given ``text`` into the text field identified by ``locator``.</doc>
<msg timestamp="20230305 17:30:19.440" level="INFO">Typing text 'game' into text field '//input[@id='input_keyword']'.</msg>
<status status="PASS" starttime="20230305 17:30:19.439" endtime="20230305 17:30:19.658"/>
</kw>
<kw name="Click Button" library="SeleniumLibrary">
<arg>${search_button_lp}</arg>
<doc>Clicks the button identified by ``locator``.</doc>
<msg timestamp="20230305 17:30:19.659" level="INFO">Clicking button '//button[@class='btn btn-primary']'.</msg>
<status status="PASS" starttime="20230305 17:30:19.659" endtime="20230305 17:30:21.120"/>
</kw>
<kw name="Page Should Contain Element" library="SeleniumLibrary">
<arg>${search_result_page_title_srp}</arg>
<doc>Verifies that element ``locator`` is found on the current page.</doc>
<msg timestamp="20230305 17:30:21.143" level="INFO">Current page contains element '//span[contains(text(),'kết quả')]'.</msg>
<status status="PASS" starttime="20230305 17:30:21.121" endtime="20230305 17:30:21.145"/>
</kw>
<status status="PASS" starttime="20230305 17:30:19.439" endtime="20230305 17:30:21.145"/>
</kw>
<kw name="Page Should Contain Element" library="SeleniumLibrary">
<arg>${no_result_for_search_srp}</arg>
<doc>Verifies that element ``locator`` is found on the current page.</doc>
<msg timestamp="20230305 17:30:21.168" level="INFO">Current page contains element '//h3[contains(text(),'Không có dữ liệu')]'.</msg>
<status status="PASS" starttime="20230305 17:30:21.145" endtime="20230305 17:30:21.168"/>
</kw>
<status status="PASS" starttime="20230305 17:30:19.438" endtime="20230305 17:30:21.169"/>
</kw>
<kw name="Finish Test" library="CommonFunctionality" type="TEARDOWN">
<kw name="Close All Browsers" library="SeleniumLibrary">
<doc>Closes all open browsers and resets the browser cache.</doc>
<status status="PASS" starttime="20230305 17:30:21.171" endtime="20230305 17:30:27.614"/>
</kw>
<status status="PASS" starttime="20230305 17:30:21.170" endtime="20230305 17:30:27.614"/>
</kw>
<status status="PASS" starttime="20230305 17:30:06.081" endtime="20230305 17:30:27.615"/>
</test>
<test id="s1-t3" name="Verify if user entered relative value into search bar" line="19">
<kw name="Open TracNghiemVN main page" library="CommonFunctionality" type="SETUP">
<kw name="Open Browser" library="SeleniumLibrary">
<arg>${trac_nghiem_vn_ulr}</arg>
<arg>${chrome_browser}</arg>
<doc>Opens a new browser instance to the optional ``url``.</doc>
<msg timestamp="20230305 17:30:27.619" level="INFO">Opening browser 'chrome' to base url 'https://tracnghiem.vn/'.</msg>
<status status="PASS" starttime="20230305 17:30:27.618" endtime="20230305 17:30:36.391"/>
</kw>
<kw name="Maximize Browser Window" library="SeleniumLibrary">
<doc>Maximizes current browser window.</doc>
<status status="PASS" starttime="20230305 17:30:36.391" endtime="20230305 17:30:36.619"/>
</kw>
<kw name="Sleep" library="BuiltIn">
<arg>2s</arg>
<doc>Pauses the test executed for the given time.</doc>
<msg timestamp="20230305 17:30:38.619" level="INFO">Slept 2 seconds</msg>
<status status="PASS" starttime="20230305 17:30:36.619" endtime="20230305 17:30:38.619"/>
</kw>
<status status="PASS" starttime="20230305 17:30:27.618" endtime="20230305 17:30:38.619"/>
</kw>
<kw name="Correct values result" library="SearchResultPage">
<arg>Lái xe</arg>
<kw name="Search bar action" library="LandingPage">
<arg>${search_text}</arg>
<kw name="Input Text" library="SeleniumLibrary">
<arg>${search_text_box_lp}</arg>
<arg>${search_text}</arg>
<doc>Types the given ``text`` into the text field identified by ``locator``.</doc>
<msg timestamp="20230305 17:30:38.624" level="INFO">Typing text 'Lái xe' into text field '//input[@id='input_keyword']'.</msg>
<status status="PASS" starttime="20230305 17:30:38.622" endtime="20230305 17:30:38.832"/>
</kw>
<kw name="Click Button" library="SeleniumLibrary">
<arg>${search_button_lp}</arg>
<doc>Clicks the button identified by ``locator``.</doc>
<msg timestamp="20230305 17:30:38.833" level="INFO">Clicking button '//button[@class='btn btn-primary']'.</msg>
<status status="PASS" starttime="20230305 17:30:38.832" endtime="20230305 17:30:41.105"/>
</kw>
<kw name="Page Should Contain Element" library="SeleniumLibrary">
<arg>${search_result_page_title_srp}</arg>
<doc>Verifies that element ``locator`` is found on the current page.</doc>
<msg timestamp="20230305 17:30:41.129" level="INFO">Current page contains element '//span[contains(text(),'kết quả')]'.</msg>
<status status="PASS" starttime="20230305 17:30:41.105" endtime="20230305 17:30:41.129"/>
</kw>
<status status="PASS" starttime="20230305 17:30:38.621" endtime="20230305 17:30:41.129"/>
</kw>
<kw name="Page Should Contain" library="SeleniumLibrary">
<arg>${search_text}</arg>
<doc>Verifies that current page contains ``text``.</doc>
<msg timestamp="20230305 17:30:41.166" level="INFO">Current page contains text 'Lái xe'.</msg>
<status status="PASS" starttime="20230305 17:30:41.129" endtime="20230305 17:30:41.166"/>
</kw>
<status status="PASS" starttime="20230305 17:30:38.620" endtime="20230305 17:30:41.167"/>
</kw>
<kw name="Finish Test" library="CommonFunctionality" type="TEARDOWN">
<kw name="Close All Browsers" library="SeleniumLibrary">
<doc>Closes all open browsers and resets the browser cache.</doc>
<status status="PASS" starttime="20230305 17:30:41.168" endtime="20230305 17:30:47.519"/>
</kw>
<status status="PASS" starttime="20230305 17:30:41.168" endtime="20230305 17:30:47.519"/>
</kw>
<status status="PASS" starttime="20230305 17:30:27.617" endtime="20230305 17:30:47.520"/>
</test>
<test id="s1-t4" name="Verify if user entered default value into search bar" line="25">
<kw name="Open TracNghiemVN main page" library="CommonFunctionality" type="SETUP">
<kw name="Open Browser" library="SeleniumLibrary">
<arg>${trac_nghiem_vn_ulr}</arg>
<arg>${chrome_browser}</arg>
<doc>Opens a new browser instance to the optional ``url``.</doc>
<msg timestamp="20230305 17:30:47.524" level="INFO">Opening browser 'chrome' to base url 'https://tracnghiem.vn/'.</msg>
<status status="PASS" starttime="20230305 17:30:47.523" endtime="20230305 17:30:57.413"/>
</kw>
<kw name="Maximize Browser Window" library="SeleniumLibrary">
<doc>Maximizes current browser window.</doc>
<status status="PASS" starttime="20230305 17:30:57.414" endtime="20230305 17:30:57.898"/>
</kw>
<kw name="Sleep" library="BuiltIn">
<arg>2s</arg>
<doc>Pauses the test executed for the given time.</doc>
<msg timestamp="20230305 17:30:59.899" level="INFO">Slept 2 seconds</msg>
<status status="PASS" starttime="20230305 17:30:57.899" endtime="20230305 17:30:59.899"/>
</kw>
<status status="PASS" starttime="20230305 17:30:47.523" endtime="20230305 17:30:59.899"/>
</kw>
<kw name="Correct values result" library="SearchResultPage">
<arg>Thi lý thuyết B2</arg>
<kw name="Search bar action" library="LandingPage">
<arg>${search_text}</arg>
<kw name="Input Text" library="SeleniumLibrary">
<arg>${search_text_box_lp}</arg>
<arg>${search_text}</arg>
<doc>Types the given ``text`` into the text field identified by ``locator``.</doc>
<msg timestamp="20230305 17:30:59.904" level="INFO">Typing text 'Thi lý thuyết B2' into text field '//input[@id='input_keyword']'.</msg>
<status status="PASS" starttime="20230305 17:30:59.903" endtime="20230305 17:31:00.179"/>
</kw>
<kw name="Click Button" library="SeleniumLibrary">
<arg>${search_button_lp}</arg>
<doc>Clicks the button identified by ``locator``.</doc>
<msg timestamp="20230305 17:31:00.181" level="INFO">Clicking button '//button[@class='btn btn-primary']'.</msg>
<status status="PASS" starttime="20230305 17:31:00.179" endtime="20230305 17:31:02.380"/>
</kw>
<kw name="Page Should Contain Element" library="SeleniumLibrary">
<arg>${search_result_page_title_srp}</arg>
<doc>Verifies that element ``locator`` is found on the current page.</doc>
<msg timestamp="20230305 17:31:02.406" level="INFO">Current page contains element '//span[contains(text(),'kết quả')]'.</msg>
<status status="PASS" starttime="20230305 17:31:02.380" endtime="20230305 17:31:02.407"/>
</kw>
<status status="PASS" starttime="20230305 17:30:59.902" endtime="20230305 17:31:02.407"/>
</kw>
<kw name="Page Should Contain" library="SeleniumLibrary">
<arg>${search_text}</arg>
<doc>Verifies that current page contains ``text``.</doc>
<msg timestamp="20230305 17:31:02.445" level="INFO">Current page contains text 'Thi lý thuyết B2'.</msg>
<status status="PASS" starttime="20230305 17:31:02.407" endtime="20230305 17:31:02.445"/>
</kw>
<status status="PASS" starttime="20230305 17:30:59.900" endtime="20230305 17:31:02.445"/>
</kw>
<kw name="Finish Test" library="CommonFunctionality" type="TEARDOWN">
<kw name="Close All Browsers" library="SeleniumLibrary">
<doc>Closes all open browsers and resets the browser cache.</doc>
<status status="PASS" starttime="20230305 17:31:02.447" endtime="20230305 17:31:09.010"/>
</kw>
<status status="PASS" starttime="20230305 17:31:02.446" endtime="20230305 17:31:09.011"/>
</kw>
<status status="PASS" starttime="20230305 17:30:47.522" endtime="20230305 17:31:09.013"/>
</test>
<status status="FAIL" starttime="20230305 17:29:40.622" endtime="20230305 17:31:09.027"/>
</suite>
<statistics>
<total>
<stat pass="3" fail="1" skip="0">All Tests</stat>
</total>
<tag>
</tag>
<suite>
<stat pass="3" fail="1" skip="0" id="s1" name="SearchFunctionality">SearchFunctionality</stat>
</suite>
</statistics>
<errors>
</errors>
</robot>
